Case #1: 3 4 6
Case #2: 15 23 28 32 37 41 45 47
Case #3: 24 35 38 52
Case #4: 2 6
Case #5: 2 4
Case #6: 13 16 20 22 24 26 31
Case #7: 4 8 11
Case #8: 15 18 21 22 25 28 30 31 32 35
Case #9: 4 5 8
Case #10: 2 4 6 7 8
Case #11: 39 56 68 80 86 102 128
Case #12: 9 12 14 15 17 19 21 24
Case #13: 4 11 15 19 22 23
Case #14: 1 3 5 6
Case #15: 3 5 6 11
Case #16: 6 8
Case #17: 5 7 8 10 12 14
Case #18: 17 20 25 27 30
Case #19: 3 4 7 8
Case #20: 22 222
Case #21: 1 2 3 4
Case #22: 4 8
Case #23: 2 3 4 5
Case #24: 24 46 61 82 103 112 118 137 151 183
Case #25: 3 6 14 19 23 26 27
Case #26: 3 4 5
Case #27: 2 3 4
Case #28: 10 13 16 17 19 22 23 26 28 30
Case #29: 1 2
Case #30: 9 11 12 15 16 19 21
Case #31: 2 6 10
Case #32: 4 12 19 25 26 27 28 29 30 53
Case #33: 18 21 23 27 29 32 38 40 42
Case #34: 4 6 7 9 10
Case #35: 2 22
Case #36: 5 10 11 16
Case #37: 15 16 17 18 19 20 21
Case #38: 7 10 12 13 15 17 19 20 22
Case #39: 3 7 12
Case #40: 25 33 37 39 40 43 53 58 62
Case #41: 1 2 3 4 5 6 7
Case #42: 3 7 11
Case #43: 17 21 23 27
Case #44: 5 10 14 17 19 20 30
Case #45: 17 25 28 40 43 45 48 55 63
Case #46: 3 4 5 6 7 8 9 10 11 12
Case #47: 3 5
Case #48: 3 5 6 9
Case #49: 1 2 3
Case #50: 31 32 33 34 35 36 37 38 39 40
