Case #1: AB AB 
Case #2: A B C A B CA 
Case #3: C B AC 
Case #4: B A B C AB 
Case #5: AB AB AB AB 
Case #6: C B A C B AC 
Case #7: B A B C A B C AB 
Case #8: A C A C A C B AC 
Case #9: A C B A C B AC 
Case #10: C B C B C A BC 
Case #11: A A C B A C BA 
Case #12: C A C B A C B AC 
Case #13: A C B AC 
Case #14: B C B A CB 
Case #15: A B A C B A C BA 
Case #16: B C B C A BC 
Case #17: A B C AB 
Case #18: A C A C B AC 
Case #19: A B CA 
Case #20: C C A B C A BC 
Case #21: C A C A C B AC 
Case #22: A B C A B C AB 
Case #23: B B C A B C AB 
Case #24: C A C B AC 
Case #25: A C A B C A B CA 
Case #26: B C B A C B A CB 
Case #27: A B A C BA 
Case #28: A B A B A B C AB 
Case #29: C B C A BC 
Case #30: C B C A B C A BC 
Case #31: B C A B C A BC 
Case #32: A B C A B C A BC 
Case #33: A B A B C AB 
Case #34: A B A B A C BA 
Case #35: B C B C B A CB 
Case #36: B C B C B C A BC 
Case #37: A C A C A B CA 
Case #38: B A CB 
Case #39: AB 
Case #40: B A C B A CB 
Case #41: A BC 
Case #42: A B C A BC 
Case #43: AB AB AB 
Case #44: A C A B CA 
Case #45: B A B A B C AB 
Case #46: B C A BC 
