Case #1: 19 20
Case #2: 120 093
Case #3: 0 0
Case #4: 05 00
Case #5: 130 099
Case #6: 697 742
Case #7: 998 993
Case #8: 609 215
Case #9: 729 719
Case #10: 10 09
Case #11: 89 99
Case #12: 149 099
Case #13: 9 9
Case #14: 10 09
Case #15: 979 981
Case #16: 090 135
Case #17: 09 19
Case #18: 409 416
Case #19: 089 120
Case #20: 807 810
Case #21: 120 089
Case #22: 09 90
Case #23: 000 000
Case #24: 430 399
Case #25: 009 040
Case #26: 99 95
Case #27: 00 00
Case #28: 10 09
Case #29: 099 130
Case #30: 000 001
Case #31: 99 99
Case #32: 371 299
Case #33: 069 100
Case #34: 98 93
Case #35: 416 381
Case #36: 079 110
Case #37: 342 309
Case #38: 029 070
Case #39: 090 049
Case #40: 460 460
Case #41: 99 89
Case #42: 012 009
Case #43: 19 09
Case #44: 009 050
Case #45: 691 599
Case #46: 00 05
Case #47: 512 509
Case #48: 90 90
Case #49: 158 178
Case #50: 893 981
Case #51: 103 096
Case #52: 809 818
Case #53: 90 90
Case #54: 019 026
Case #55: 096 120
Case #56: 909 990
Case #57: 493 580
Case #58: 090 059
Case #59: 701 703
Case #60: 393 700
Case #61: 612 630
Case #62: 05 09
Case #63: 050 009
Case #64: 730 727
Case #65: 990 909
Case #66: 063 061
Case #67: 692 770
Case #68: 970 969
Case #69: 320 290
Case #70: 800 699
Case #71: 800 780
Case #72: 019 050
Case #73: 15 10
Case #74: 510 510
Case #75: 90 90
Case #76: 072 070
Case #77: 00 00
Case #78: 99 99
Case #79: 545 542
Case #80: 398 410
Case #81: 5 5
Case #82: 070 029
Case #83: 15 09
Case #84: 110 079
Case #85: 09 10
Case #86: 600 030
Case #87: 99 99
Case #88: 409 434
Case #89: 815 790
Case #90: 95 95
Case #91: 000 000
Case #92: 993 998
Case #93: 499 379
Case #94: 699 700
Case #95: 599 657
Case #96: 399 465
Case #97: 910 909
Case #98: 699 710
Case #99: 059 090
Case #100: 206 210
Case #101: 9 9
Case #102: 95 99
Case #103: 396 400
Case #104: 609 611
Case #105: 029 060
Case #106: 049 080
Case #107: 109 096
Case #108: 5 5
Case #109: 010 009
Case #110: 90 09
Case #111: 080 039
Case #112: 09 15
Case #113: 0 0
Case #114: 000 004
Case #115: 09 19
Case #116: 90 90
Case #117: 19 09
Case #118: 690 319
Case #119: 988 992
Case #120: 895 985
Case #121: 029 041
Case #122: 992 988
Case #123: 019 065
Case #124: 517 509
Case #125: 090 199
Case #126: 99 90
Case #127: 621 670
Case #128: 040 009
Case #129: 240 240
Case #130: 299 199
Case #131: 909 910
Case #132: 092 198
Case #133: 160 099
Case #134: 699 710
Case #135: 400 400
Case #136: 99 09
Case #137: 99 99
Case #138: 09 15
Case #139: 899 933
Case #140: 098 934
Case #141: 039 080
Case #142: 099 909
Case #143: 399 480
Case #144: 099 148
Case #145: 070 039
Case #146: 100 098
Case #147: 10 15
Case #148: 109 121
Case #149: 507 510
Case #150: 699 777
Case #151: 93 98
Case #152: 500 397
Case #153: 649 800
Case #154: 019 060
Case #155: 09 99
Case #156: 940 925
Case #157: 658 591
Case #158: 497 518
Case #159: 259 191
Case #160: 397 760
Case #161: 95 95
Case #162: 110 099
Case #163: 90 99
Case #164: 0 0
Case #165: 198 093
Case #166: 093 120
Case #167: 150 119
Case #168: 700 699
Case #169: 982 982
Case #170: 099 167
Case #171: 060 019
Case #172: 15 09
Case #173: 09 10
Case #174: 143 098
Case #175: 720 702
Case #176: 99 99
Case #177: 09 10
Case #178: 060 029
Case #179: 299 360
Case #180: 373 291
Case #181: 572 558
Case #182: 055 050
Case #183: 407 411
Case #184: 09 05
Case #185: 203 208
Case #186: 199 090
Case #187: 039 070
Case #188: 093 198
Case #189: 100 069
Case #190: 049 090
Case #191: 293 320
Case #192: 00 00
Case #193: 494 590
Case #194: 192 093
Case #195: 99 99
Case #196: 050 019
Case #197: 902 889
Case #198: 296 300
Case #199: 900 399
Case #200: 080 049
